
-----
Test: test_buy_traumatic.py::test_buy_traumatic (call)
Start time: 2025-03-06 20:21:58.004499
Start name method: initialisation

End time: 2025-03-06 20:22:07.108857
End name method: initialisation
URL: https://ohotaktiv.ru/

-----

-----
Test: test_buy_traumatic.py::test_buy_traumatic (call)
Start time: 2025-03-06 20:22:07.109864
Start name method: catalog_navigation_weapon

End time: 2025-03-06 20:22:08.331785
End name method: catalog_navigation_weapon
URL: https://ohotaktiv.ru/

-----

-----
Test: test_buy_traumatic.py::test_buy_traumatic (call)
Start time: 2025-03-06 20:22:08.332775
Start name method: check_current_location

End time: 2025-03-06 20:22:11.377742
End name method: check_current_location
URL: https://ohotaktiv.ru/catalog/ognestrelnoe_oruzhie/

-----

-----
Test: test_buy_traumatic.py::test_buy_traumatic (call)
Start time: 2025-03-06 20:22:11.378740
Start name method: select_traumatic_gun

End time: 2025-03-06 20:22:13.461815
End name method: select_traumatic_gun
URL: https://ohotaktiv.ru/catalog/travmaticheskoe-oruzhie/

-----

-----
Test: test_buy_traumatic.py::test_buy_traumatic (call)
Start time: 2025-03-06 20:22:13.461815
Start name method: check_current_location

End time: 2025-03-06 20:22:16.509392
End name method: check_current_location
URL: https://ohotaktiv.ru/catalog/travmaticheskoe-oruzhie/

-----

-----
Test: test_buy_traumatic.py::test_buy_traumatic (call)
Start time: 2025-03-06 20:22:16.509392
Start name method: set_product_filters

End time: 2025-03-06 20:22:28.212123
End name method: set_product_filters
URL: https://ohotaktiv.ru/catalog/travmaticheskoe-oruzhie/?kalibr_2=10x28&price_from=50000&price_to=150000

-----

-----
Test: test_buy_traumatic.py::test_buy_traumatic (call)
Start time: 2025-03-06 20:22:28.212123
Start name method: choose_product

End time: 2025-03-06 20:22:51.467591
End name method: choose_product
URL: https://ohotaktiv.ru/catalog/travmaticheskoe-oruzhie/?kalibr_2=10x28&price_from=50000&price_to=150000

-----

-----
Test: test_buy_traumatic.py::test_buy_traumatic (call)
Start time: 2025-03-06 20:22:51.467591
Start name method: click_basket

End time: 2025-03-06 20:22:54.595533
End name method: click_basket
URL: https://ohotaktiv.ru/cart/

-----

-----
Test: test_buy_traumatic.py::test_buy_traumatic (call)
Start time: 2025-03-06 20:22:54.595533
Start name method: check_current_location

End time: 2025-03-06 20:22:57.632534
End name method: check_current_location
URL: https://ohotaktiv.ru/cart/

-----

-----
Test: test_buy_traumatic.py::test_buy_traumatic (call)
Start time: 2025-03-06 20:22:57.632534
Start name method: print_basket_info

End time: 2025-03-06 20:22:57.763435
End name method: print_basket_info
URL: https://ohotaktiv.ru/cart/

-----

-----
Test: test_buy_traumatic.py::test_buy_traumatic (call)
Start time: 2025-03-06 20:22:57.763435
Start name method: make_screenshot

End time: 2025-03-06 20:22:57.912251
End name method: make_screenshot
URL: https://ohotaktiv.ru/cart/

-----

-----
Test: test_buy_traumatic.py::test_buy_traumatic (call)
Start time: 2025-03-06 20:22:57.913233
Start name method: confirmation

End time: 2025-03-06 20:23:03.185052
End name method: confirmation
URL: https://ohotaktiv.ru/order/

-----

-----
Test: test_buy_traumatic.py::test_buy_traumatic (call)
Start time: 2025-03-06 20:23:03.185052
Start name method: check_current_location

End time: 2025-03-06 20:23:06.239920
End name method: check_current_location
URL: https://ohotaktiv.ru/order/

-----

-----
Test: test_buy_traumatic.py::test_buy_traumatic (call)
Start time: 2025-03-06 20:23:06.240950
Start name method: set_personal_data

End time: 2025-03-06 20:23:11.727371
End name method: set_personal_data
URL: https://ohotaktiv.ru/order/

-----

-----
Test: test_buy_traumatic.py::test_buy_traumatic (call)
Start time: 2025-03-06 20:23:11.727371
Start name method: make_screenshot

End time: 2025-03-06 20:23:11.863158
End name method: make_screenshot
URL: https://ohotaktiv.ru/order/

-----

-----
Test: test_buy_traumatic.py::test_buy_traumatic (call)
Start time: 2025-03-06 20:23:11.863158
Start name method: go_next

End time: 2025-03-06 20:23:14.950425
End name method: go_next
URL: https://ohotaktiv.ru/order/

-----

-----
Test: test_buy_traumatic.py::test_buy_traumatic (call)
Start time: 2025-03-06 20:23:14.950425
Start name method: set_delivery

End time: 2025-03-06 20:23:47.077273
End name method: set_delivery
URL: https://ohotaktiv.ru/order/

-----

-----
Test: test_buy_traumatic.py::test_buy_traumatic (call)
Start time: 2025-03-06 20:23:47.077273
Start name method: make_screenshot

End time: 2025-03-06 20:23:47.208021
End name method: make_screenshot
URL: https://ohotaktiv.ru/order/

-----

-----
Test: test_buy_traumatic.py::test_buy_traumatic (call)
Start time: 2025-03-06 20:23:47.208021
Start name method: go_next

End time: 2025-03-06 20:23:50.305867
End name method: go_next
URL: https://ohotaktiv.ru/order/

-----

-----
Test: test_buy_traumatic.py::test_buy_traumatic (call)
Start time: 2025-03-06 20:23:50.305867
Start name method: show_final_order

End time: 2025-03-06 20:23:50.426207
End name method: show_final_order
URL: https://ohotaktiv.ru/order/

-----

-----
Test: test_buy_traumatic.py::test_buy_traumatic (call)
Start time: 2025-03-06 20:23:50.457463
Start name method: go_next

End time: 2025-03-06 20:23:53.529698
End name method: go_next
URL: https://ohotaktiv.ru/order/

-----

-----
Test: test_buy_traumatic.py::test_buy_traumatic (call)
Start time: 2025-03-06 20:23:55.535411
Start name method: initialisation

End time: 2025-03-06 20:24:02.691156
End name method: initialisation
URL: https://yoomoney.ru/checkout/payments/v2/contract/bankcard?orderId=2f5bede7-000f-5000-8000-1fc5b9e0e915

-----

-----
Test: test_buy_traumatic.py::test_buy_traumatic (call)
Start time: 2025-03-06 20:24:02.691156
Start name method: catalog_navigation_weapon

End time: 2025-03-06 20:24:10.090341
End name method: catalog_navigation_weapon
URL: https://yoomoney.ru/checkout/payments/v2/contract/bankcard?orderId=2f5bede7-000f-5000-8000-1fc5b9e0e915

-----

-----
Test: test_buy_traumatic.py::test_buy_traumatic (call)
Start time: 2025-03-06 20:24:13.091928
Start name method: check_current_location

