
-----
Test: test_buy_traumatic.py::test_buy_traumatic (call)
Start time: 2025-03-06 00:42:11.402127
Start name method: initialisation

End time: 2025-03-06 00:42:20.529734
End name method: initialisation
URL: https://ohotaktiv.ru/

-----

-----
Test: test_buy_traumatic.py::test_buy_traumatic (call)
Start time: 2025-03-06 00:42:20.530778
Start name method: catalog_navigation_weapon

End time: 2025-03-06 00:42:21.780841
End name method: catalog_navigation_weapon
URL: https://ohotaktiv.ru/

-----

-----
Test: test_buy_traumatic.py::test_buy_traumatic (call)
Start time: 2025-03-06 00:42:21.780841
Start name method: check_current_location

End time: 2025-03-06 00:42:24.842790
End name method: check_current_location
URL: https://ohotaktiv.ru/catalog/ognestrelnoe_oruzhie/

-----

-----
Test: test_buy_traumatic.py::test_buy_traumatic (call)
Start time: 2025-03-06 00:42:24.842790
Start name method: select_traumatic_gun

End time: 2025-03-06 00:42:26.932405
End name method: select_traumatic_gun
URL: https://ohotaktiv.ru/catalog/travmaticheskoe-oruzhie/

-----

-----
Test: test_buy_traumatic.py::test_buy_traumatic (call)
Start time: 2025-03-06 00:42:26.932405
Start name method: check_current_location

End time: 2025-03-06 00:42:29.985888
End name method: check_current_location
URL: https://ohotaktiv.ru/catalog/travmaticheskoe-oruzhie/

-----

-----
Test: test_buy_traumatic.py::test_buy_traumatic (call)
Start time: 2025-03-06 00:42:29.985888
Start name method: set_product_filters

End time: 2025-03-06 00:42:41.699864
End name method: set_product_filters
URL: https://ohotaktiv.ru/catalog/travmaticheskoe-oruzhie/?kalibr_2=10x28&price_from=50000&price_to=150000

-----

-----
Test: test_buy_traumatic.py::test_buy_traumatic (call)
Start time: 2025-03-06 00:42:41.699864
Start name method: choose_product

End time: 2025-03-06 00:43:04.970190
End name method: choose_product
URL: https://ohotaktiv.ru/catalog/travmaticheskoe-oruzhie/?kalibr_2=10x28&price_from=50000&price_to=150000

-----

-----
Test: test_buy_traumatic.py::test_buy_traumatic (call)
Start time: 2025-03-06 00:43:04.970190
Start name method: click_basket

End time: 2025-03-06 00:43:08.107842
End name method: click_basket
URL: https://ohotaktiv.ru/cart/

-----

-----
Test: test_buy_traumatic.py::test_buy_traumatic (call)
Start time: 2025-03-06 00:43:08.107842
Start name method: check_current_location

End time: 2025-03-06 00:43:11.148946
End name method: check_current_location
URL: https://ohotaktiv.ru/cart/

-----

-----
Test: test_buy_traumatic.py::test_buy_traumatic (call)
Start time: 2025-03-06 00:43:11.148946
Start name method: print_basket_info

End time: 2025-03-06 00:43:11.291170
End name method: print_basket_info
URL: https://ohotaktiv.ru/cart/

-----

-----
Test: test_buy_traumatic.py::test_buy_traumatic (call)
Start time: 2025-03-06 00:43:11.306833
Start name method: make_screenshot

End time: 2025-03-06 00:43:11.449990
End name method: make_screenshot
URL: https://ohotaktiv.ru/cart/

-----

-----
Test: test_buy_traumatic.py::test_buy_traumatic (call)
Start time: 2025-03-06 00:43:11.449990
Start name method: confirmation

End time: 2025-03-06 00:43:16.660421
End name method: confirmation
URL: https://ohotaktiv.ru/order/

-----

-----
Test: test_buy_traumatic.py::test_buy_traumatic (call)
Start time: 2025-03-06 00:43:16.660421
Start name method: check_current_location

End time: 2025-03-06 00:43:19.710754
End name method: check_current_location
URL: https://ohotaktiv.ru/order/

-----

-----
Test: test_buy_traumatic.py::test_buy_traumatic (call)
Start time: 2025-03-06 00:43:19.710754
Start name method: set_personal_data

End time: 2025-03-06 00:43:25.231191
End name method: set_personal_data
URL: https://ohotaktiv.ru/order/

-----

-----
Test: test_buy_traumatic.py::test_buy_traumatic (call)
Start time: 2025-03-06 00:43:25.231191
Start name method: make_screenshot

End time: 2025-03-06 00:43:25.364881
End name method: make_screenshot
URL: https://ohotaktiv.ru/order/

-----

-----
Test: test_buy_traumatic.py::test_buy_traumatic (call)
Start time: 2025-03-06 00:43:25.364881
Start name method: go_next

End time: 2025-03-06 00:43:28.450069
End name method: go_next
URL: https://ohotaktiv.ru/order/

-----

-----
Test: test_buy_traumatic.py::test_buy_traumatic (call)
Start time: 2025-03-06 00:43:28.450069
Start name method: set_delivery

End time: 2025-03-06 00:44:00.651727
End name method: set_delivery
URL: https://ohotaktiv.ru/order/

-----

-----
Test: test_buy_traumatic.py::test_buy_traumatic (call)
Start time: 2025-03-06 00:44:00.651727
Start name method: make_screenshot

End time: 2025-03-06 00:44:00.787208
End name method: make_screenshot
URL: https://ohotaktiv.ru/order/

-----

-----
Test: test_buy_traumatic.py::test_buy_traumatic (call)
Start time: 2025-03-06 00:44:00.788237
Start name method: go_next

End time: 2025-03-06 00:44:03.874030
End name method: go_next
URL: https://ohotaktiv.ru/order/

-----

-----
Test: test_buy_traumatic.py::test_buy_traumatic (call)
Start time: 2025-03-06 00:44:03.874030
Start name method: show_final_order

End time: 2025-03-06 00:44:03.999481
End name method: show_final_order
URL: https://ohotaktiv.ru/order/

-----

-----
Test: test_buy_traumatic.py::test_buy_traumatic (call)
Start time: 2025-03-06 00:44:03.999481
Start name method: go_next

End time: 2025-03-06 00:44:07.098123
End name method: go_next
URL: https://ohotaktiv.ru/order/

-----

-----
Test: test_buy_traumatic.py::test_buy_traumatic (call)
Start time: 2025-03-06 00:44:07.098123
Start name method: check_current_location

