
-----
Test: test_buy_traumatic.py::test_buy_traumatic (call)
Start time: 2025-03-06 19:51:59.202142
Start name method: initialisation

End time: 2025-03-06 19:52:46.085927
End name method: initialisation
URL: https://ohotaktiv.ru/

-----

-----
Test: test_buy_traumatic.py::test_buy_traumatic (call)
Start time: 2025-03-06 19:52:46.086988
Start name method: catalog_navigation_weapon

End time: 2025-03-06 19:52:47.326791
End name method: catalog_navigation_weapon
URL: https://ohotaktiv.ru/

-----

-----
Test: test_buy_traumatic.py::test_buy_traumatic (call)
Start time: 2025-03-06 19:52:47.326791
Start name method: check_current_location

End time: 2025-03-06 19:52:50.376204
End name method: check_current_location
URL: https://ohotaktiv.ru/catalog/ognestrelnoe_oruzhie/

-----

-----
Test: test_buy_traumatic.py::test_buy_traumatic (call)
Start time: 2025-03-06 19:52:50.376204
Start name method: select_traumatic_gun

End time: 2025-03-06 19:52:52.479870
End name method: select_traumatic_gun
URL: https://ohotaktiv.ru/catalog/travmaticheskoe-oruzhie/

-----

-----
Test: test_buy_traumatic.py::test_buy_traumatic (call)
Start time: 2025-03-06 19:52:52.479870
Start name method: check_current_location

End time: 2025-03-06 19:52:55.524221
End name method: check_current_location
URL: https://ohotaktiv.ru/catalog/travmaticheskoe-oruzhie/

-----

-----
Test: test_buy_traumatic.py::test_buy_traumatic (call)
Start time: 2025-03-06 19:52:55.524221
Start name method: set_product_filters

End time: 2025-03-06 19:53:07.207960
End name method: set_product_filters
URL: https://ohotaktiv.ru/catalog/travmaticheskoe-oruzhie/?kalibr_2=10x28&price_from=50000&price_to=150000

-----

-----
Test: test_buy_traumatic.py::test_buy_traumatic (call)
Start time: 2025-03-06 19:53:07.207960
Start name method: choose_product

End time: 2025-03-06 19:53:30.448926
End name method: choose_product
URL: https://ohotaktiv.ru/catalog/travmaticheskoe-oruzhie/?kalibr_2=10x28&price_from=50000&price_to=150000

-----

-----
Test: test_buy_traumatic.py::test_buy_traumatic (call)
Start time: 2025-03-06 19:53:30.448926
Start name method: click_basket

End time: 2025-03-06 19:53:33.587679
End name method: click_basket
URL: https://ohotaktiv.ru/cart/

-----

-----
Test: test_buy_traumatic.py::test_buy_traumatic (call)
Start time: 2025-03-06 19:53:33.587679
Start name method: check_current_location

End time: 2025-03-06 19:53:36.621651
End name method: check_current_location
URL: https://ohotaktiv.ru/cart/

-----

-----
Test: test_buy_traumatic.py::test_buy_traumatic (call)
Start time: 2025-03-06 19:53:36.621651
Start name method: print_basket_info

End time: 2025-03-06 19:53:36.762191
End name method: print_basket_info
URL: https://ohotaktiv.ru/cart/

-----

-----
Test: test_buy_traumatic.py::test_buy_traumatic (call)
Start time: 2025-03-06 19:53:36.762191
Start name method: make_screenshot

End time: 2025-03-06 19:53:36.869072
End name method: make_screenshot
URL: https://ohotaktiv.ru/cart/

-----

-----
Test: test_buy_traumatic.py::test_buy_traumatic (call)
Start time: 2025-03-06 19:53:36.869072
Start name method: confirmation

End time: 2025-03-06 19:53:42.059147
End name method: confirmation
URL: https://ohotaktiv.ru/order/

-----

-----
Test: test_buy_traumatic.py::test_buy_traumatic (call)
Start time: 2025-03-06 19:53:42.059147
Start name method: check_current_location

End time: 2025-03-06 19:53:45.088418
End name method: check_current_location
URL: https://ohotaktiv.ru/order/

-----

-----
Test: test_buy_traumatic.py::test_buy_traumatic (call)
Start time: 2025-03-06 19:53:45.088418
Start name method: set_personal_data

End time: 2025-03-06 19:53:50.589652
End name method: set_personal_data
URL: https://ohotaktiv.ru/order/

-----

-----
Test: test_buy_traumatic.py::test_buy_traumatic (call)
Start time: 2025-03-06 19:53:50.590683
Start name method: make_screenshot

End time: 2025-03-06 19:53:50.727316
End name method: make_screenshot
URL: https://ohotaktiv.ru/order/

-----

-----
Test: test_buy_traumatic.py::test_buy_traumatic (call)
Start time: 2025-03-06 19:53:50.728316
Start name method: go_next

End time: 2025-03-06 19:53:53.810382
End name method: go_next
URL: https://ohotaktiv.ru/order/

-----

-----
Test: test_buy_traumatic.py::test_buy_traumatic (call)
Start time: 2025-03-06 19:53:53.810382
Start name method: set_delivery

End time: 2025-03-06 19:54:25.927701
End name method: set_delivery
URL: https://ohotaktiv.ru/order/

-----

-----
Test: test_buy_traumatic.py::test_buy_traumatic (call)
Start time: 2025-03-06 19:54:25.927701
Start name method: make_screenshot

End time: 2025-03-06 19:54:26.071936
End name method: make_screenshot
URL: https://ohotaktiv.ru/order/

-----

-----
Test: test_buy_traumatic.py::test_buy_traumatic (call)
Start time: 2025-03-06 19:54:26.071936
Start name method: go_next

End time: 2025-03-06 19:54:29.163681
End name method: go_next
URL: https://ohotaktiv.ru/order/

-----

-----
Test: test_buy_traumatic.py::test_buy_traumatic (call)
Start time: 2025-03-06 19:54:29.163681
Start name method: show_final_order

End time: 2025-03-06 19:54:29.335964
End name method: show_final_order
URL: https://ohotaktiv.ru/order/

-----

-----
Test: test_buy_traumatic.py::test_buy_traumatic (call)
Start time: 2025-03-06 19:54:29.367756
Start name method: go_next

End time: 2025-03-06 19:54:32.447457
End name method: go_next
URL: https://ohotaktiv.ru/order/

-----

-----
Test: test_buy_traumatic.py::test_buy_traumatic (call)
Start time: 2025-03-06 19:54:34.453363
Start name method: initialisation

End time: 2025-03-06 19:54:41.613452
End name method: initialisation
URL: https://yoomoney.ru/checkout/payments/v2/contract/bankcard?orderId=2f5be706-000f-5000-8000-1cff3cdffd4c

-----

-----
Test: test_buy_traumatic.py::test_buy_traumatic (call)
Start time: 2025-03-06 19:54:41.613452
Start name method: catalog_navigation_weapon

