
-----
Test: test_buy_traumatic_patron.py::test_buy_traumatic_patron (call)
Start time: 2025-03-06 01:05:07.515209
Start name method: initialisation

End time: 2025-03-06 01:05:16.192759
End name method: initialisation
URL: https://ohotaktiv.ru/

-----

-----
Test: test_buy_traumatic_patron.py::test_buy_traumatic_patron (call)
Start time: 2025-03-06 01:05:16.193797
Start name method: catalog_navigation_ammo

End time: 2025-03-06 01:05:17.416210
End name method: catalog_navigation_ammo
URL: https://ohotaktiv.ru/

-----

-----
Test: test_buy_traumatic_patron.py::test_buy_traumatic_patron (call)
Start time: 2025-03-06 01:05:17.416210
Start name method: check_current_location

End time: 2025-03-06 01:05:20.457396
End name method: check_current_location
URL: https://ohotaktiv.ru/catalog/patrony_dlya_oruzhiya/

-----

-----
Test: test_buy_traumatic_patron.py::test_buy_traumatic_patron (call)
Start time: 2025-03-06 01:05:20.457396
Start name method: select_traumatic_patron


-----
Test: test_buy_traumatic_patron.py::test_buy_traumatic_patron (call)
Start time: 2025-03-06 01:05:22.552675
Start name method: select_traumatic_patron


-----
Test: test_buy_traumatic_patron.py::test_buy_traumatic_patron (call)
Start time: 2025-03-06 01:05:22.552675
Start name method: check_current_location

End time: 2025-03-06 01:05:25.587359
End name method: check_current_location
URL: https://ohotaktiv.ru/catalog/travmaticheskie_patrony/

-----

-----
Test: test_buy_traumatic_patron.py::test_buy_traumatic_patron (call)
Start time: 2025-03-06 01:05:25.587359
Start name method: set_product_filters

End time: 2025-03-06 01:05:40.226324
End name method: set_product_filters
URL: https://ohotaktiv.ru/catalog/travmaticheskie_patrony/?nalichie_v_gorode=moskva&kalibr_2=10x28

-----

-----
Test: test_buy_traumatic_patron.py::test_buy_traumatic_patron (call)
Start time: 2025-03-06 01:05:40.226324
Start name method: choose_patron

End time: 2025-03-06 01:06:01.443302
End name method: choose_patron
URL: https://ohotaktiv.ru/catalog/travmaticheskie_patrony/?nalichie_v_gorode=moskva&kalibr_2=10x28

-----

-----
Test: test_buy_traumatic_patron.py::test_buy_traumatic_patron (call)
Start time: 2025-03-06 01:06:01.444284
Start name method: click_basket

End time: 2025-03-06 01:06:04.567314
End name method: click_basket
URL: https://ohotaktiv.ru/cart/

-----

-----
Test: test_buy_traumatic_patron.py::test_buy_traumatic_patron (call)
Start time: 2025-03-06 01:06:04.567314
Start name method: check_current_location

End time: 2025-03-06 01:06:07.616774
End name method: check_current_location
URL: https://ohotaktiv.ru/cart/

-----

-----
Test: test_buy_traumatic_patron.py::test_buy_traumatic_patron (call)
Start time: 2025-03-06 01:06:07.616774
Start name method: click_increase_stuff

End time: 2025-03-06 01:06:28.408523
End name method: click_increase_stuff
URL: https://ohotaktiv.ru/cart/

-----

-----
Test: test_buy_traumatic_patron.py::test_buy_traumatic_patron (call)
Start time: 2025-03-06 01:06:28.408523
Start name method: print_basket_info

End time: 2025-03-06 01:06:28.534046
End name method: print_basket_info
URL: https://ohotaktiv.ru/cart/

-----

-----
Test: test_buy_traumatic_patron.py::test_buy_traumatic_patron (call)
Start time: 2025-03-06 01:06:28.534046
Start name method: stuff_value

End time: 2025-03-06 01:06:28.581606
End name method: stuff_value
URL: https://ohotaktiv.ru/cart/

-----

-----
Test: test_buy_traumatic_patron.py::test_buy_traumatic_patron (call)
Start time: 2025-03-06 01:06:28.581606
Start name method: make_screenshot

End time: 2025-03-06 01:06:28.692155
End name method: make_screenshot
URL: https://ohotaktiv.ru/cart/

-----

-----
Test: test_buy_traumatic_patron.py::test_buy_traumatic_patron (call)
Start time: 2025-03-06 01:06:28.692155
Start name method: confirmation

End time: 2025-03-06 01:06:33.891624
End name method: confirmation
URL: https://ohotaktiv.ru/order/

-----

-----
Test: test_buy_traumatic_patron.py::test_buy_traumatic_patron (call)
Start time: 2025-03-06 01:06:33.891624
Start name method: check_current_location

End time: 2025-03-06 01:06:36.933730
End name method: check_current_location
URL: https://ohotaktiv.ru/order/

-----

-----
Test: test_buy_traumatic_patron.py::test_buy_traumatic_patron (call)
Start time: 2025-03-06 01:06:36.933730
Start name method: set_personal_data

End time: 2025-03-06 01:06:42.453827
End name method: set_personal_data
URL: https://ohotaktiv.ru/order/

-----

-----
Test: test_buy_traumatic_patron.py::test_buy_traumatic_patron (call)
Start time: 2025-03-06 01:06:42.454859
Start name method: make_screenshot

End time: 2025-03-06 01:06:42.583413
End name method: make_screenshot
URL: https://ohotaktiv.ru/order/

-----

-----
Test: test_buy_traumatic_patron.py::test_buy_traumatic_patron (call)
Start time: 2025-03-06 01:06:42.583413
Start name method: go_next

End time: 2025-03-06 01:06:45.669466
End name method: go_next
URL: https://ohotaktiv.ru/order/

-----

-----
Test: test_buy_traumatic_patron.py::test_buy_traumatic_patron (call)
Start time: 2025-03-06 01:06:46.677456
Start name method: set_delivery

End time: 2025-03-06 01:07:18.928730
End name method: set_delivery
URL: https://ohotaktiv.ru/order/

-----

-----
Test: test_buy_traumatic_patron.py::test_buy_traumatic_patron (call)
Start time: 2025-03-06 01:07:18.928730
Start name method: make_screenshot

End time: 2025-03-06 01:07:19.088484
End name method: make_screenshot
URL: https://ohotaktiv.ru/order/

-----

-----
Test: test_buy_traumatic_patron.py::test_buy_traumatic_patron (call)
Start time: 2025-03-06 01:07:19.089484
Start name method: go_next

End time: 2025-03-06 01:07:22.172641
End name method: go_next
URL: https://ohotaktiv.ru/order/

-----

-----
Test: test_buy_traumatic_patron.py::test_buy_traumatic_patron (call)
Start time: 2025-03-06 01:07:22.172641
Start name method: show_final_order

End time: 2025-03-06 01:07:22.298325
End name method: show_final_order
URL: https://ohotaktiv.ru/order/

-----

-----
Test: test_buy_traumatic_patron.py::test_buy_traumatic_patron (call)
Start time: 2025-03-06 01:07:22.298325
Start name method: go_next

End time: 2025-03-06 01:07:25.386206
End name method: go_next
URL: https://ohotaktiv.ru/order/

-----

-----
Test: test_buy_traumatic_patron.py::test_buy_traumatic_patron (call)
Start time: 2025-03-06 01:07:25.386206
Start name method: check_current_location

