
-----
Test: test_buy_rifled_patron.py::test_buy_rifled_patron (call)
Start time: 2025-03-06 21:45:49.088817
Start name method: initialisation

End time: 2025-03-06 21:45:57.862594
End name method: initialisation
URL: https://ohotaktiv.ru/

-----

-----
Test: test_buy_rifled_patron.py::test_buy_rifled_patron (call)
Start time: 2025-03-06 21:45:57.862912
Start name method: catalog_navigation_ammo

End time: 2025-03-06 21:45:59.094212
End name method: catalog_navigation_ammo
URL: https://ohotaktiv.ru/

-----

-----
Test: test_buy_rifled_patron.py::test_buy_rifled_patron (call)
Start time: 2025-03-06 21:45:59.094212
Start name method: check_current_location

End time: 2025-03-06 21:46:02.149860
End name method: check_current_location
URL: https://ohotaktiv.ru/catalog/patrony_dlya_oruzhiya/

-----

-----
Test: test_buy_rifled_patron.py::test_buy_rifled_patron (call)
Start time: 2025-03-06 21:46:02.149860
Start name method: select_rifled_patron

End time: 2025-03-06 21:46:04.265349
End name method: select_rifled_patron
URL: https://ohotaktiv.ru/catalog/nareznye_patrony/

-----

-----
Test: test_buy_rifled_patron.py::test_buy_rifled_patron (call)
Start time: 2025-03-06 21:46:04.265349
Start name method: check_current_location

End time: 2025-03-06 21:46:07.298123
End name method: check_current_location
URL: https://ohotaktiv.ru/catalog/nareznye_patrony/

-----

-----
Test: test_buy_rifled_patron.py::test_buy_rifled_patron (call)
Start time: 2025-03-06 21:46:07.298123
Start name method: set_product_filters

End time: 2025-03-06 21:46:27.348666
End name method: set_product_filters
URL: https://ohotaktiv.ru/catalog/nareznye_patrony/?nalichie_v_gorode=moskva&kalibr_2=308_win&tip_pul=fmj

-----

-----
Test: test_buy_rifled_patron.py::test_buy_rifled_patron (call)
Start time: 2025-03-06 21:46:27.348666
Start name method: choose_patron

End time: 2025-03-06 21:46:48.628071
End name method: choose_patron
URL: https://ohotaktiv.ru/catalog/nareznye_patrony/?nalichie_v_gorode=moskva&kalibr_2=308_win&tip_pul=fmj

-----

-----
Test: test_buy_rifled_patron.py::test_buy_rifled_patron (call)
Start time: 2025-03-06 21:46:48.629073
Start name method: click_basket

End time: 2025-03-06 21:46:51.751591
End name method: click_basket
URL: https://ohotaktiv.ru/cart/

-----

-----
Test: test_buy_rifled_patron.py::test_buy_rifled_patron (call)
Start time: 2025-03-06 21:46:51.751591
Start name method: check_current_location

End time: 2025-03-06 21:46:54.798863
End name method: check_current_location
URL: https://ohotaktiv.ru/cart/

-----

-----
Test: test_buy_rifled_patron.py::test_buy_rifled_patron (call)
Start time: 2025-03-06 21:46:54.798863
Start name method: click_increase_stuff

End time: 2025-03-06 21:47:15.546446
End name method: click_increase_stuff
URL: https://ohotaktiv.ru/cart/

-----

-----
Test: test_buy_rifled_patron.py::test_buy_rifled_patron (call)
Start time: 2025-03-06 21:47:15.546446
Start name method: print_basket_info

End time: 2025-03-06 21:47:45.772737
End name method: print_basket_info
URL: https://ohotaktiv.ru/cart/

-----

-----
Test: test_buy_rifled_patron.py::test_buy_rifled_patron (call)
Start time: 2025-03-06 21:47:45.772737
Start name method: stuff_value

End time: 2025-03-06 21:47:45.819500
End name method: stuff_value
URL: https://ohotaktiv.ru/cart/

-----

-----
Test: test_buy_rifled_patron.py::test_buy_rifled_patron (call)
Start time: 2025-03-06 21:47:45.819500
Start name method: make_screenshot

End time: 2025-03-06 21:47:45.960992
End name method: make_screenshot
URL: https://ohotaktiv.ru/cart/

-----

-----
Test: test_buy_rifled_patron.py::test_buy_rifled_patron (call)
Start time: 2025-03-06 21:47:45.960992
Start name method: confirmation

End time: 2025-03-06 21:47:51.172052
End name method: confirmation
URL: https://ohotaktiv.ru/order/

-----

-----
Test: test_buy_rifled_patron.py::test_buy_rifled_patron (call)
Start time: 2025-03-06 21:47:51.172052
Start name method: check_current_location

End time: 2025-03-06 21:47:54.207210
End name method: check_current_location
URL: https://ohotaktiv.ru/order/

-----

-----
Test: test_buy_rifled_patron.py::test_buy_rifled_patron (call)
Start time: 2025-03-06 21:47:54.207210
Start name method: set_personal_data

End time: 2025-03-06 21:47:59.735842
End name method: set_personal_data
URL: https://ohotaktiv.ru/order/

-----

-----
Test: test_buy_rifled_patron.py::test_buy_rifled_patron (call)
Start time: 2025-03-06 21:47:59.736853
Start name method: make_screenshot

End time: 2025-03-06 21:47:59.872132
End name method: make_screenshot
URL: https://ohotaktiv.ru/order/

-----

-----
Test: test_buy_rifled_patron.py::test_buy_rifled_patron (call)
Start time: 2025-03-06 21:47:59.872679
Start name method: go_next

End time: 2025-03-06 21:48:02.968299
End name method: go_next
URL: https://ohotaktiv.ru/order/

-----

-----
Test: test_buy_rifled_patron.py::test_buy_rifled_patron (call)
Start time: 2025-03-06 21:48:03.981318
Start name method: set_delivery

End time: 2025-03-06 21:48:36.116712
End name method: set_delivery
URL: https://ohotaktiv.ru/order/

-----

-----
Test: test_buy_rifled_patron.py::test_buy_rifled_patron (call)
Start time: 2025-03-06 21:48:36.116712
Start name method: make_screenshot

End time: 2025-03-06 21:48:36.262049
End name method: make_screenshot
URL: https://ohotaktiv.ru/order/

-----

-----
Test: test_buy_rifled_patron.py::test_buy_rifled_patron (call)
Start time: 2025-03-06 21:48:36.262049
Start name method: go_next

End time: 2025-03-06 21:48:39.348802
End name method: go_next
URL: https://ohotaktiv.ru/order/

-----

-----
Test: test_buy_rifled_patron.py::test_buy_rifled_patron (call)
Start time: 2025-03-06 21:48:39.348802
Start name method: show_final_order

End time: 2025-03-06 21:48:39.499859
End name method: show_final_order
URL: https://ohotaktiv.ru/order/

-----

-----
Test: test_buy_rifled_patron.py::test_buy_rifled_patron (call)
Start time: 2025-03-06 21:48:39.531142
Start name method: go_next

End time: 2025-03-06 21:48:42.611738
End name method: go_next
URL: https://ohotaktiv.ru/order/

-----

-----
Test: test_buy_rifled_patron.py::test_buy_rifled_patron (call)
Start time: 2025-03-06 21:48:44.617258
Start name method: initialisation

End time: 2025-03-06 21:48:51.763621
End name method: initialisation
URL: https://yoomoney.ru/checkout/payments/v2/contract/bankcard?orderId=2f5c01c8-000f-5000-b000-11bdf359427f

-----

-----
Test: test_buy_rifled_patron.py::test_buy_rifled_patron (call)
Start time: 2025-03-06 21:48:51.763621
Start name method: catalog_navigation_weapon

End time: 2025-03-06 21:49:03.199438
End name method: catalog_navigation_weapon
URL: https://ohotaktiv.ru/result/?orderId=2f5c01c8-000f-5000-b000-11bdf359427f

-----

-----
Test: test_buy_rifled_patron.py::test_buy_rifled_patron (call)
Start time: 2025-03-06 21:49:06.207607
Start name method: show_results

End time: 2025-03-06 21:49:08.285549
End name method: show_results
URL: https://ohotaktiv.ru/result/?orderId=2f5c01c8-000f-5000-b000-11bdf359427f

-----

-----
Test: test_buy_rifled_patron.py::test_buy_rifled_patron (call)
Start time: 2025-03-06 21:49:08.285549
Start name method: make_screenshot

End time: 2025-03-06 21:49:08.430621
End name method: make_screenshot
URL: https://ohotaktiv.ru/result/?orderId=2f5c01c8-000f-5000-b000-11bdf359427f

-----
