
-----
Test: test_buy_traumatic.py::test_buy_traumatic (call)
Start time: 2025-03-06 20:44:23.422762
Start name method: initialisation

End time: 2025-03-06 20:44:32.174225
End name method: initialisation
URL: https://ohotaktiv.ru/

-----

-----
Test: test_buy_traumatic.py::test_buy_traumatic (call)
Start time: 2025-03-06 20:44:32.175284
Start name method: catalog_navigation_weapon

End time: 2025-03-06 20:44:33.429975
End name method: catalog_navigation_weapon
URL: https://ohotaktiv.ru/

-----

-----
Test: test_buy_traumatic.py::test_buy_traumatic (call)
Start time: 2025-03-06 20:44:33.429975
Start name method: check_current_location

End time: 2025-03-06 20:44:36.478846
End name method: check_current_location
URL: https://ohotaktiv.ru/catalog/ognestrelnoe_oruzhie/

-----

-----
Test: test_buy_traumatic.py::test_buy_traumatic (call)
Start time: 2025-03-06 20:44:36.479850
Start name method: select_traumatic_gun

End time: 2025-03-06 20:44:38.565924
End name method: select_traumatic_gun
URL: https://ohotaktiv.ru/catalog/travmaticheskoe-oruzhie/

-----

-----
Test: test_buy_traumatic.py::test_buy_traumatic (call)
Start time: 2025-03-06 20:44:38.565924
Start name method: check_current_location

End time: 2025-03-06 20:44:41.609586
End name method: check_current_location
URL: https://ohotaktiv.ru/catalog/travmaticheskoe-oruzhie/

-----

-----
Test: test_buy_traumatic.py::test_buy_traumatic (call)
Start time: 2025-03-06 20:44:41.609586
Start name method: set_product_filters

End time: 2025-03-06 20:44:53.311673
End name method: set_product_filters
URL: https://ohotaktiv.ru/catalog/travmaticheskoe-oruzhie/?kalibr_2=10x28&price_from=50000&price_to=150000

-----

-----
Test: test_buy_traumatic.py::test_buy_traumatic (call)
Start time: 2025-03-06 20:44:53.311673
Start name method: choose_product

End time: 2025-03-06 20:45:16.555589
End name method: choose_product
URL: https://ohotaktiv.ru/catalog/travmaticheskoe-oruzhie/?kalibr_2=10x28&price_from=50000&price_to=150000

-----

-----
Test: test_buy_traumatic.py::test_buy_traumatic (call)
Start time: 2025-03-06 20:45:16.555589
Start name method: click_basket

End time: 2025-03-06 20:45:19.677591
End name method: click_basket
URL: https://ohotaktiv.ru/cart/

-----

-----
Test: test_buy_traumatic.py::test_buy_traumatic (call)
Start time: 2025-03-06 20:45:19.677591
Start name method: check_current_location

End time: 2025-03-06 20:45:22.717315
End name method: check_current_location
URL: https://ohotaktiv.ru/cart/

-----

-----
Test: test_buy_traumatic.py::test_buy_traumatic (call)
Start time: 2025-03-06 20:45:22.717315
Start name method: print_basket_info

End time: 2025-03-06 20:45:22.842716
End name method: print_basket_info
URL: https://ohotaktiv.ru/cart/

-----

-----
Test: test_buy_traumatic.py::test_buy_traumatic (call)
Start time: 2025-03-06 20:45:22.842716
Start name method: make_screenshot

End time: 2025-03-06 20:45:22.968246
End name method: make_screenshot
URL: https://ohotaktiv.ru/cart/

-----

-----
Test: test_buy_traumatic.py::test_buy_traumatic (call)
Start time: 2025-03-06 20:45:22.969282
Start name method: confirmation

End time: 2025-03-06 20:45:28.149744
End name method: confirmation
URL: https://ohotaktiv.ru/order/

-----

-----
Test: test_buy_traumatic.py::test_buy_traumatic (call)
Start time: 2025-03-06 20:45:28.149744
Start name method: check_current_location

End time: 2025-03-06 20:45:31.196245
End name method: check_current_location
URL: https://ohotaktiv.ru/order/

-----

-----
Test: test_buy_traumatic.py::test_buy_traumatic (call)
Start time: 2025-03-06 20:45:31.196245
Start name method: set_personal_data

End time: 2025-03-06 20:45:36.688943
End name method: set_personal_data
URL: https://ohotaktiv.ru/order/

-----

-----
Test: test_buy_traumatic.py::test_buy_traumatic (call)
Start time: 2025-03-06 20:45:36.689977
Start name method: make_screenshot

End time: 2025-03-06 20:45:36.831631
End name method: make_screenshot
URL: https://ohotaktiv.ru/order/

-----

-----
Test: test_buy_traumatic.py::test_buy_traumatic (call)
Start time: 2025-03-06 20:45:36.832625
Start name method: go_next

End time: 2025-03-06 20:45:39.909260
End name method: go_next
URL: https://ohotaktiv.ru/order/

-----

-----
Test: test_buy_traumatic.py::test_buy_traumatic (call)
Start time: 2025-03-06 20:45:39.909260
Start name method: set_delivery

End time: 2025-03-06 20:46:12.035006
End name method: set_delivery
URL: https://ohotaktiv.ru/order/

-----

-----
Test: test_buy_traumatic.py::test_buy_traumatic (call)
Start time: 2025-03-06 20:46:12.035006
Start name method: make_screenshot

End time: 2025-03-06 20:46:12.187588
End name method: make_screenshot
URL: https://ohotaktiv.ru/order/

-----

-----
Test: test_buy_traumatic.py::test_buy_traumatic (call)
Start time: 2025-03-06 20:46:12.187588
Start name method: go_next

End time: 2025-03-06 20:46:15.270931
End name method: go_next
URL: https://ohotaktiv.ru/order/

-----

-----
Test: test_buy_traumatic.py::test_buy_traumatic (call)
Start time: 2025-03-06 20:46:15.270931
Start name method: show_final_order

End time: 2025-03-06 20:46:15.391256
End name method: show_final_order
URL: https://ohotaktiv.ru/order/

-----

-----
Test: test_buy_traumatic.py::test_buy_traumatic (call)
Start time: 2025-03-06 20:46:15.422489
Start name method: go_next

End time: 2025-03-06 20:46:18.504599
End name method: go_next
URL: https://ohotaktiv.ru/order/

-----

-----
Test: test_buy_traumatic.py::test_buy_traumatic (call)
Start time: 2025-03-06 20:46:20.508030
Start name method: initialisation

End time: 2025-03-06 20:46:27.660852
End name method: initialisation
URL: https://yoomoney.ru/checkout/payments/v2/contract/bankcard?orderId=2f5bf328-000f-5000-8000-134e8787f9b9

-----

-----
Test: test_buy_traumatic.py::test_buy_traumatic (call)
Start time: 2025-03-06 20:46:27.660852
Start name method: catalog_navigation_weapon

End time: 2025-03-06 20:46:40.109033
End name method: catalog_navigation_weapon
URL: https://ohotaktiv.ru/result/?orderId=2f5bf328-000f-5000-8000-134e8787f9b9

-----

-----
Test: test_buy_traumatic.py::test_buy_traumatic (call)
Start time: 2025-03-06 20:46:43.114009
Start name method: check_current_location

