
-----
Test: test_buy_traumatic.py::test_buy_traumatic (call)
Start time: 2025-03-06 00:51:18.776067
Start name method: initialisation

End time: 2025-03-06 00:51:26.921256
End name method: initialisation
URL: https://ohotaktiv.ru/

-----

-----
Test: test_buy_traumatic.py::test_buy_traumatic (call)
Start time: 2025-03-06 00:51:26.921256
Start name method: catalog_navigation_weapon

End time: 2025-03-06 00:51:28.207659
End name method: catalog_navigation_weapon
URL: https://ohotaktiv.ru/

-----

-----
Test: test_buy_traumatic.py::test_buy_traumatic (call)
Start time: 2025-03-06 00:51:28.208674
Start name method: check_current_location

End time: 2025-03-06 00:51:31.266503
End name method: check_current_location
URL: https://ohotaktiv.ru/catalog/ognestrelnoe_oruzhie/

-----

-----
Test: test_buy_traumatic.py::test_buy_traumatic (call)
Start time: 2025-03-06 00:51:31.266503
Start name method: select_traumatic_gun

End time: 2025-03-06 00:51:33.370112
End name method: select_traumatic_gun
URL: https://ohotaktiv.ru/catalog/travmaticheskoe-oruzhie/

-----

-----
Test: test_buy_traumatic.py::test_buy_traumatic (call)
Start time: 2025-03-06 00:51:33.370112
Start name method: check_current_location

End time: 2025-03-06 00:51:36.407514
End name method: check_current_location
URL: https://ohotaktiv.ru/catalog/travmaticheskoe-oruzhie/

-----

-----
Test: test_buy_traumatic.py::test_buy_traumatic (call)
Start time: 2025-03-06 00:51:36.407514
Start name method: set_product_filters

End time: 2025-03-06 00:51:48.160521
End name method: set_product_filters
URL: https://ohotaktiv.ru/catalog/travmaticheskoe-oruzhie/?kalibr_2=10x28&price_from=50000&price_to=150000

-----

-----
Test: test_buy_traumatic.py::test_buy_traumatic (call)
Start time: 2025-03-06 00:51:48.160521
Start name method: choose_product

End time: 2025-03-06 00:52:11.432164
End name method: choose_product
URL: https://ohotaktiv.ru/catalog/travmaticheskoe-oruzhie/?kalibr_2=10x28&price_from=50000&price_to=150000

-----

-----
Test: test_buy_traumatic.py::test_buy_traumatic (call)
Start time: 2025-03-06 00:52:11.432688
Start name method: click_basket

End time: 2025-03-06 00:52:14.563215
End name method: click_basket
URL: https://ohotaktiv.ru/cart/

-----

-----
Test: test_buy_traumatic.py::test_buy_traumatic (call)
Start time: 2025-03-06 00:52:14.563215
Start name method: check_current_location

End time: 2025-03-06 00:52:17.602836
End name method: check_current_location
URL: https://ohotaktiv.ru/cart/

-----

-----
Test: test_buy_traumatic.py::test_buy_traumatic (call)
Start time: 2025-03-06 00:52:17.602836
Start name method: print_basket_info

End time: 2025-03-06 00:52:17.728279
End name method: print_basket_info
URL: https://ohotaktiv.ru/cart/

-----

-----
Test: test_buy_traumatic.py::test_buy_traumatic (call)
Start time: 2025-03-06 00:52:17.743910
Start name method: make_screenshot

End time: 2025-03-06 00:52:17.864308
End name method: make_screenshot
URL: https://ohotaktiv.ru/cart/

-----

-----
Test: test_buy_traumatic.py::test_buy_traumatic (call)
Start time: 2025-03-06 00:52:17.865308
Start name method: confirmation

End time: 2025-03-06 00:52:23.094008
End name method: confirmation
URL: https://ohotaktiv.ru/order/

-----

-----
Test: test_buy_traumatic.py::test_buy_traumatic (call)
Start time: 2025-03-06 00:52:23.094008
Start name method: check_current_location

End time: 2025-03-06 00:52:26.127350
End name method: check_current_location
URL: https://ohotaktiv.ru/order/

-----

-----
Test: test_buy_traumatic.py::test_buy_traumatic (call)
Start time: 2025-03-06 00:52:26.127350
Start name method: set_personal_data

End time: 2025-03-06 00:52:31.659721
End name method: set_personal_data
URL: https://ohotaktiv.ru/order/

-----

-----
Test: test_buy_traumatic.py::test_buy_traumatic (call)
Start time: 2025-03-06 00:52:31.659721
Start name method: make_screenshot

End time: 2025-03-06 00:52:31.793102
End name method: make_screenshot
URL: https://ohotaktiv.ru/order/

-----

-----
Test: test_buy_traumatic.py::test_buy_traumatic (call)
Start time: 2025-03-06 00:52:31.794104
Start name method: go_next

End time: 2025-03-06 00:52:34.894519
End name method: go_next
URL: https://ohotaktiv.ru/order/

-----

-----
Test: test_buy_traumatic.py::test_buy_traumatic (call)
Start time: 2025-03-06 00:52:34.894519
Start name method: set_delivery

End time: 2025-03-06 00:53:07.156357
End name method: set_delivery
URL: https://ohotaktiv.ru/order/

-----

-----
Test: test_buy_traumatic.py::test_buy_traumatic (call)
Start time: 2025-03-06 00:53:07.156357
Start name method: make_screenshot

End time: 2025-03-06 00:53:07.301114
End name method: make_screenshot
URL: https://ohotaktiv.ru/order/

-----

-----
Test: test_buy_traumatic.py::test_buy_traumatic (call)
Start time: 2025-03-06 00:53:07.301114
Start name method: go_next

End time: 2025-03-06 00:53:10.399823
End name method: go_next
URL: https://ohotaktiv.ru/order/

-----

-----
Test: test_buy_traumatic.py::test_buy_traumatic (call)
Start time: 2025-03-06 00:53:10.399823
Start name method: show_final_order

End time: 2025-03-06 00:53:10.509648
End name method: show_final_order
URL: https://ohotaktiv.ru/order/

-----
