
-----
Test: test_buy_traumatic.py::test_buy_traumatic (call)
Start time: 2025-03-06 00:47:04.924779
Start name method: initialisation

End time: 2025-03-06 00:47:14.762960
End name method: initialisation
URL: https://ohotaktiv.ru/

-----

-----
Test: test_buy_traumatic.py::test_buy_traumatic (call)
Start time: 2025-03-06 00:47:14.762960
Start name method: catalog_navigation_weapon

End time: 2025-03-06 00:47:16.006946
End name method: catalog_navigation_weapon
URL: https://ohotaktiv.ru/

-----

-----
Test: test_buy_traumatic.py::test_buy_traumatic (call)
Start time: 2025-03-06 00:47:16.007953
Start name method: check_current_location

End time: 2025-03-06 00:47:19.058656
End name method: check_current_location
URL: https://ohotaktiv.ru/catalog/ognestrelnoe_oruzhie/

-----

-----
Test: test_buy_traumatic.py::test_buy_traumatic (call)
Start time: 2025-03-06 00:47:19.059667
Start name method: select_traumatic_gun

End time: 2025-03-06 00:47:21.176379
End name method: select_traumatic_gun
URL: https://ohotaktiv.ru/catalog/travmaticheskoe-oruzhie/

-----

-----
Test: test_buy_traumatic.py::test_buy_traumatic (call)
Start time: 2025-03-06 00:47:21.176379
Start name method: check_current_location

End time: 2025-03-06 00:47:24.218431
End name method: check_current_location
URL: https://ohotaktiv.ru/catalog/travmaticheskoe-oruzhie/

-----

-----
Test: test_buy_traumatic.py::test_buy_traumatic (call)
Start time: 2025-03-06 00:47:24.218431
Start name method: set_product_filters

End time: 2025-03-06 00:47:35.938246
End name method: set_product_filters
URL: https://ohotaktiv.ru/catalog/travmaticheskoe-oruzhie/?kalibr_2=10x28&price_from=50000&price_to=150000

-----

-----
Test: test_buy_traumatic.py::test_buy_traumatic (call)
Start time: 2025-03-06 00:47:35.938246
Start name method: choose_product

End time: 2025-03-06 00:47:59.183492
End name method: choose_product
URL: https://ohotaktiv.ru/catalog/travmaticheskoe-oruzhie/?kalibr_2=10x28&price_from=50000&price_to=150000

-----

-----
Test: test_buy_traumatic.py::test_buy_traumatic (call)
Start time: 2025-03-06 00:47:59.183492
Start name method: click_basket

End time: 2025-03-06 00:48:02.310189
End name method: click_basket
URL: https://ohotaktiv.ru/cart/

-----

-----
Test: test_buy_traumatic.py::test_buy_traumatic (call)
Start time: 2025-03-06 00:48:02.310189
Start name method: check_current_location

End time: 2025-03-06 00:48:05.352939
End name method: check_current_location
URL: https://ohotaktiv.ru/cart/

-----

-----
Test: test_buy_traumatic.py::test_buy_traumatic (call)
Start time: 2025-03-06 00:48:05.352939
Start name method: print_basket_info

End time: 2025-03-06 00:48:05.489954
End name method: print_basket_info
URL: https://ohotaktiv.ru/cart/

-----

-----
Test: test_buy_traumatic.py::test_buy_traumatic (call)
Start time: 2025-03-06 00:48:05.490952
Start name method: make_screenshot

End time: 2025-03-06 00:48:05.621147
End name method: make_screenshot
URL: https://ohotaktiv.ru/cart/

-----

-----
Test: test_buy_traumatic.py::test_buy_traumatic (call)
Start time: 2025-03-06 00:48:05.622163
Start name method: confirmation

End time: 2025-03-06 00:48:10.815865
End name method: confirmation
URL: https://ohotaktiv.ru/cart/

-----

-----
Test: test_buy_traumatic.py::test_buy_traumatic (call)
Start time: 2025-03-06 00:48:10.816871
Start name method: check_current_location

End time: 2025-03-06 00:48:14.389788
End name method: check_current_location
URL: https://ohotaktiv.ru/order/

-----

-----
Test: test_buy_traumatic.py::test_buy_traumatic (call)
Start time: 2025-03-06 00:48:14.389788
Start name method: set_personal_data

End time: 2025-03-06 00:48:19.866908
End name method: set_personal_data
URL: https://ohotaktiv.ru/order/

-----

-----
Test: test_buy_traumatic.py::test_buy_traumatic (call)
Start time: 2025-03-06 00:48:19.867907
Start name method: make_screenshot

End time: 2025-03-06 00:48:19.999532
End name method: make_screenshot
URL: https://ohotaktiv.ru/order/

-----

-----
Test: test_buy_traumatic.py::test_buy_traumatic (call)
Start time: 2025-03-06 00:48:20.000545
Start name method: go_next

End time: 2025-03-06 00:48:23.098426
End name method: go_next
URL: https://ohotaktiv.ru/order/

-----

-----
Test: test_buy_traumatic.py::test_buy_traumatic (call)
Start time: 2025-03-06 00:48:23.099482
Start name method: set_delivery

End time: 2025-03-06 00:48:55.245472
End name method: set_delivery
URL: https://ohotaktiv.ru/order/

-----

-----
Test: test_buy_traumatic.py::test_buy_traumatic (call)
Start time: 2025-03-06 00:48:55.246033
Start name method: make_screenshot

End time: 2025-03-06 00:48:55.375196
End name method: make_screenshot
URL: https://ohotaktiv.ru/order/

-----

-----
Test: test_buy_traumatic.py::test_buy_traumatic (call)
Start time: 2025-03-06 00:48:55.376196
Start name method: go_next

End time: 2025-03-06 00:48:58.459677
End name method: go_next
URL: https://ohotaktiv.ru/order/

-----

-----
Test: test_buy_traumatic.py::test_buy_traumatic (call)
Start time: 2025-03-06 00:48:58.460681
Start name method: show_final_order

End time: 2025-03-06 00:48:58.588642
End name method: show_final_order
URL: https://ohotaktiv.ru/order/

-----
